<?xml version="1.0" encoding="UTF-8"?>
<!-- Generated by org.testng.reporters.JUnitReportReporter -->
<testsuite hostname="DESKTOP-RCIOITF" failures="0" tests="4" name="TestNgPackage.priorities" time="0.025" errors="0" timestamp="2023-01-21T14:22:46 IST" skipped="0">
  <testcase classname="TestNgPackage.priorities" name="d" time="0.012"/>
  <system-out>
    <![CDATA[d]]>
  </system-out>
  <testcase classname="TestNgPackage.priorities" name="b" time="0.006"/>
  <system-out>
    <![CDATA[b]]>
  </system-out>
  <testcase classname="TestNgPackage.priorities" name="a" time="0.004"/>
  <system-out>
    <![CDATA[a]]>
  </system-out>
  <testcase classname="TestNgPackage.priorities" name="c" time="0.003"/>
  <system-out>
    <![CDATA[c]]>
  </system-out>
</testsuite> <!-- TestNgPackage.priorities -->
