<?xml version="1.0" encoding="UTF-8"?>
<!-- Generated by org.testng.reporters.JUnitReportReporter -->
<testsuite hostname="DESKTOP-RCIOITF" failures="0" tests="3" name="TestNgPackage.flag6" time="0.017" errors="0" timestamp="2023-01-21T15:55:37 IST" skipped="0">
  <testcase classname="TestNgPackage.flag6" name="stl" time="0.003"/>
  <system-out>
    <![CDATA[system testing1]]>
  </system-out>
  <testcase classname="TestNgPackage.flag6" name="itl" time="0.002"/>
  <system-out>
    <![CDATA[integration testing1]]>
  </system-out>
  <testcase classname="TestNgPackage.flag6" name="ftl" time="0.012"/>
  <system-out>
    <![CDATA[function testing1]]>
  </system-out>
</testsuite> <!-- TestNgPackage.flag6 -->
