<?xml version="1.0" encoding="UTF-8"?>
<!-- Generated by org.testng.reporters.JUnitReportReporter -->
<testsuite hostname="DESKTOP-RCIOITF" failures="0" tests="3" name="TestNgPackage.Remo" time="0.007" errors="0" timestamp="2023-01-19T19:29:39 IST" skipped="0">
  <testcase classname="TestNgPackage.Remo" name="Remo" time="0.001"/>
  <system-out>
    <![CDATA[this is a Remo method]]>
  </system-out>
  <testcase classname="TestNgPackage.Remo" name="Remo2" time="0.002"/>
  <system-out>
    <![CDATA[this is a Remo2 method]]>
  </system-out>
  <testcase classname="TestNgPackage.Remo" name="Remo1" time="0.004"/>
  <system-out>
    <![CDATA[this is a Remo1 method]]>
  </system-out>
</testsuite> <!-- TestNgPackage.Remo -->
