<?xml version="1.0" encoding="UTF-8"?>
<!-- Generated by org.testng.reporters.JUnitReportReporter -->
<testsuite hostname="DESKTOP-RCIOITF" failures="0" tests="1" name="testngpackage2.class1" time="8.154" errors="0" timestamp="2023-01-20T14:24:13 IST" skipped="0">
  <testcase classname="testngpackage2.class1" name="sql" time="8.154"/>
  <system-out/>
</testsuite> <!-- testngpackage2.class1 -->
