<?xml version="1.0" encoding="UTF-8"?>
<!-- Generated by org.testng.reporters.JUnitReportReporter -->
<testsuite hostname="DESKTOP-RCIOITF" failures="0" tests="3" name="TestNgPackage.Sumo" time="0.022" errors="0" timestamp="2023-01-19T19:29:39 IST" skipped="0">
  <testcase classname="TestNgPackage.Sumo" name="sumo" time="0.013"/>
  <system-out>
    <![CDATA[this is a sumo method]]>
  </system-out>
  <testcase classname="TestNgPackage.Sumo" name="sumo2" time="0.005"/>
  <system-out>
    <![CDATA[this is a sumo2 method]]>
  </system-out>
  <testcase classname="TestNgPackage.Sumo" name="sumo1" time="0.004"/>
  <system-out>
    <![CDATA[this is a sumo1 method]]>
  </system-out>
</testsuite> <!-- TestNgPackage.Sumo -->
